<?xml version="1.0" encoding="UTF-8"?>
<!-- Generated by org.testng.reporters.JUnitReportReporter -->
<testsuite hostname="Prince-Bavesh" failures="0" tests="1" name="seleniumPractice.pgm1" time="3.981" errors="0" timestamp="2024-01-08T17:11:13 CST" skipped="0">
  <testcase classname="seleniumPractice.pgm1" name="sub" time="3.981"/>
  <system-out/>
</testsuite> <!-- seleniumPractice.pgm1 -->
